b156a03f024d3fd641,9115852902350df666,91b66cb701f976d406,294a71550206c74b4c,a1aa364a0252f1d02c	
0bcc29fe019d52883c	
f78055ca01b095db7e,6bb4a91402c4c2740e	
3e69f4e2010a450278,a48a84410133a67e79,77442b18017ee49df6,6239940c012eca324a	
dd85187301832382ec,cc11e12c027d6690c4,5988ffe4021a4e27b1	
197c618201b6adfe0a,d2cc052e01c656d5c6,a9b5e872018a272714,fd6cccd702580a6296,f6fe8ef8024cee9602	
1b475e4d02d35b068f,6da3a399019cb4e60b,60f2ae260182771572	
3780a20f01ca1d1bab	
2962b9aa0174b88a9c,c0f8ea9102e2aafb3c,4d14f60b02a99c2531,42181da0011719b364	
a3cc6a6c029184d1ce,7a80a8a602ce848ce2,081020f201390c3fa5,d60ca14602ba03e1af	
71039a6d01ba600b9e	
fe9a0437012e6ed893,1af6987801559d5f13	
781be57801225ec027,df0e280b021e2ce94d	
367b82e501d4279c81,da7a386c02fb9ce5c5,37eb7658027a174cee,dc5a5c9f01a14b4ff3,24136561018bbb7496	
da369a4e0103d2421b	
671c298c01b299db3f,758bc4a801a11a5332	
14c2b5dc01b6f11493,f4faa3060241c4ab1c,d920fcf101b1479451,f2656fb301efd3a3d8	
b1cef51b029b0113f0,ef31532f01adf74567	
741c2341018a336acd	
b9f18b0401122940b3,a29884c102be68f913,833ec2ed02c8100385,624dce2f0190d0571a	
b4c493870218ab44ee,98f14e09029dbd213a	
a33d11df02d356b534,b84ec53001ba99c1d6,3f2ce8cd027ed941e5,312695b902f2a98ba0,454e47ad018f5046c0	
8691f8ac027abd5a80,83852131012ca5459d,abd78e0d028305d174,8ad904fe016044e170	
f04030dd01cfd81117	
e0c6da10014bda9477	
eadd0bbf01ec48fec6,77a22f200277a611f2,0394c3f901b56eae2a	
0c80164702c48da7ca,487ebe930285487f1a,e426f47a01efeed64f,4da53fb302036ccc4b,0f4c10f002db46255e	
66f5088c01100902d9,7d2beb5f0269f33f6c,0eeca5ac01a8f1925b,ed6a7e5a01714bba2b,05ea84660139d93ba0	
3a844efc0105ed4488,be8b304a02a63e3be4,f1cbbd3c02cdeb51f7	
87851d530189a33b16	
15b52ef802dfe0a3bf,4f5ca9f40207f3f000,ca86498a017207e640,369ace26019fbb4b28	
e372ad5c010ac31ff5,f78f95140231d535b9	
8c37291e02eea9f633	
1ad88444010d402011,2faa5e2d0116ee79e5,7c8a01fa01bdeef978,676b6ef6023cce195e	
7d23b72e01b2733e86	
c72426ea01ec603d76,9f1f677502981ce00b,fdd5e1d50194864f50,f0d88e1001e6a8c810	
87a5c4fd016f183f75,5ed29f4502f066c310	
a7be99ff021aa3aea1,6488486801e8855503	
c8b3953d01c69190b5,f022770d01e8e59ed6	
1bd12056011d31864f,55031dd00273afc6bc	
20993f6201b2e04df1,dd1748a6029d450688,77d84843010fcb180c	
8385043101ce6809c2,8ab46edd025f140efb	
3456ab03019b9ff915,16bf80b6026763e3af,fc44d2a402b2e8e9f7,bef5a79b01f1f6ed4c	
894a34cf02049cfa7a,0899d46e015d03e336,6fe7e0d401ec98a32a	
11e49948029ef0223e	
81f7d99701a4bb81d5,951bce1b0260e964d1,0f7fabf902dd7df827,607114d602b8afb147,7835839501d87fb7b5	
b382f98201b67287b1,cea3ccd401b13a8eb7	
a576a782027cf9e482	
17fede4c01892cf058,7dd5b7ff0227757643	
628f2ef7029066ac9e,7b12dc8a025042f748,dd067ff9015c911c6c,20d7a28e01c8ac8eac	
